<?xml version="1.0" encoding="UTF-8"?>
<testng-results ignored="0" total="1" passed="1" failed="0" skipped="0">
  <reporter-output>
  </reporter-output>
  <suite started-at="2025-03-06T19:49:50 IST" name="Default suite" finished-at="2025-03-06T19:49:59 IST" duration-ms="9003">
    <groups>
    </groups>
    <test started-at="2025-03-06T19:49:50 IST" name="Default test" finished-at="2025-03-06T19:49:59 IST" duration-ms="9003">
      <class name="com.store.scripts.LaunchBrowser">
        <test-method signature="launchBrowser()[pri:0, instance:com.store.scripts.LaunchBrowser@515aebb0]" started-at="2025-03-06T19:49:50 IST" name="launchBrowser" finished-at="2025-03-06T19:49:59 IST" duration-ms="8931" status="PASS">
          <reporter-output>
          </reporter-output>
        </test-method> <!-- launchBrowser -->
      </class> <!-- com.store.scripts.LaunchBrowser -->
    </test> <!-- Default test -->
  </suite> <!-- Default suite -->
</testng-results>
